<?xml version="1.0" encoding="UTF-8"?>
<!-- Generated by org.testng.reporters.JUnitReportReporter -->
<testsuite hostname="USPL5VDR0L2" name="apptest.WP_ValorMinimo" tests="1" failures="0" timestamp="8 May 2018 13:23:51 GMT" time="388.331" errors="0">
  <testcase name="test_SemDistribuidor" time="388.331" classname="apptest.WP_ValorMinimo"/>
</testsuite> <!-- apptest.WP_ValorMinimo -->
