<?xml version="1.0" encoding="UTF-8"?>
<!-- Generated by org.testng.reporters.JUnitReportReporter -->
<testsuite hostname="USPL5VDR0L2" name="apptest.WP_CadastroInvalido" tests="1" failures="0" timestamp="13 Sep 2018 18:46:24 GMT" time="128.169" errors="0">
  <testcase name="testTeste_cadastro_campos_invalidosQA" time="128.169" classname="apptest.WP_CadastroInvalido"/>
</testsuite> <!-- apptest.WP_CadastroInvalido -->
