<?xml version="1.0" encoding="UTF-8"?>
<!-- Generated by org.testng.reporters.JUnitReportReporter -->
<testsuite hostname="USPL5VDR0L2" name="apptest.WP_Login" tests="1" failures="0" timestamp="6 Aug 2018 16:35:20 GMT" time="91.234" errors="0">
  <testcase name="testeLogin" time="91.234" classname="apptest.WP_Login"/>
</testsuite> <!-- apptest.WP_Login -->
