<?xml version="1.0" encoding="UTF-8"?>
<!-- Generated by org.testng.reporters.JUnitReportReporter -->
<testsuite hostname="USPL5VDR0L2" name="apptest.WP_DesinstalacaoApp" tests="1" failures="0" timestamp="4 Apr 2018 13:45:01 GMT" time="19.501" errors="0">
  <testcase name="desinstalar" time="19.501" classname="apptest.WP_DesinstalacaoApp"/>
</testsuite> <!-- apptest.WP_DesinstalacaoApp -->
