<?xml version="1.0" encoding="UTF-8"?>
<!-- Generated by org.testng.reporters.JUnitReportReporter -->
<testsuite hostname="USPL5VDR0L2" name="apptest.WP_Cadastro" tests="1" failures="0" timestamp="15 Aug 2018 18:51:00 GMT" time="243.814" errors="0">
  <testcase name="cadastro" time="243.814" classname="apptest.WP_Cadastro"/>
</testsuite> <!-- apptest.WP_Cadastro -->
