<?xml version="1.0" encoding="UTF-8"?>
<!-- Generated by org.testng.reporters.JUnitReportReporter -->
<testsuite hostname="USPL5VDR0L2" name="apptest.WP_Login" tests="1" failures="0" timestamp="21 Jun 2018 18:04:35 GMT" time="52.307" errors="0">
  <testcase name="testeLogin" time="52.307" classname="apptest.WP_Login"/>
</testsuite> <!-- apptest.WP_Login -->
