<?xml version="1.0" encoding="UTF-8"?>
<!-- Generated by org.testng.reporters.JUnitReportReporter -->
<testsuite hostname="USPL5VDR0L2" name="apptest.WP_CadastroEmBranco" tests="1" failures="0" timestamp="14 Aug 2018 12:01:07 GMT" time="78.663" errors="0">
  <testcase name="testedecadastrobranco" time="78.663" classname="apptest.WP_CadastroEmBranco"/>
</testsuite> <!-- apptest.WP_CadastroEmBranco -->
