<?xml version="1.0" encoding="UTF-8"?>
<!-- Generated by org.testng.reporters.JUnitReportReporter -->
<testsuite hostname="USPL5VDR0L2" name="apptest.WP_Configuracoes" tests="1" failures="0" timestamp="3 Aug 2018 17:32:11 GMT" time="94.666" errors="0">
  <testcase name="testeinteracaoproduto" time="94.666" classname="apptest.WP_Configuracoes"/>
</testsuite> <!-- apptest.WP_Configuracoes -->
