<?xml version="1.0" encoding="UTF-8"?>
<!-- Generated by org.testng.reporters.JUnitReportReporter -->
<testsuite hostname="USPL5VDR0L2" name="apptest.WP_InteracaoProduto" tests="1" failures="0" timestamp="5 Apr 2018 14:50:20 GMT" time="171.856" errors="0">
  <testcase name="testeinteracaoproduto" time="171.856" classname="apptest.WP_InteracaoProduto"/>
</testsuite> <!-- apptest.WP_InteracaoProduto -->
