<?xml version="1.0" encoding="UTF-8"?>
<!-- Generated by org.testng.reporters.JUnitReportReporter -->
<testsuite hostname="USPL5VDR0L2" name="apptest.WP_InteracaoProduto" tests="1" failures="0" timestamp="13 Apr 2018 12:11:16 GMT" time="177.308" errors="0">
  <testcase name="testeinteracaoproduto" time="177.308" classname="apptest.WP_InteracaoProduto"/>
</testsuite> <!-- apptest.WP_InteracaoProduto -->
