<?xml version="1.0" encoding="UTF-8"?>
<!-- Generated by org.testng.reporters.JUnitReportReporter -->
<testsuite hostname="USPL5VDR0L2" name="apptest.WP_CadastroInvalidoIOS" tests="1" failures="0" timestamp="11 Apr 2018 13:51:07 GMT" time="198.609" errors="0">
  <testcase name="testecadastroinvalidoIOS" time="198.609" classname="apptest.WP_CadastroInvalidoIOS"/>
</testsuite> <!-- apptest.WP_CadastroInvalidoIOS -->
