<?xml version="1.0" encoding="UTF-8"?>
<!-- Generated by org.testng.reporters.JUnitReportReporter -->
<testsuite hostname="USPL5VDR0L2" name="apptest.WP_Login" tests="1" failures="0" timestamp="6 Apr 2018 11:49:31 GMT" time="85.726" errors="0">
  <testcase name="testeLogin" time="85.726" classname="apptest.WP_Login"/>
</testsuite> <!-- apptest.WP_Login -->
