<?xml version="1.0" encoding="UTF-8"?>
<!-- Generated by org.testng.reporters.JUnitReportReporter -->
<testsuite hostname="USPL5VDR0L2" name="apptest.WP_RecuperarSenha" tests="1" failures="0" timestamp="25 Apr 2018 16:11:20 GMT" time="226.657" errors="1">
  <testcase name="testTeste_recuperar_senha_e_logar" time="226.657" classname="apptest.WP_RecuperarSenha">
    <error type="org.openqa.selenium.WebDriverException" message="Could not forward request http://62.90.196.29:7871/wd/hub/session/CLOUD-SID:2018-04-25_19-07-39-15295416-a6f3-4ee1-8156-c2db86463613/execute for session CLOUD-SID:2018-04-25_19-07-39-15295416-a6f3-4ee1-8156-c2db86463613 (WARNING: The server did not provide any stacktrace information)
Command duration or timeout: 11.91 seconds
Build info: version: &#039;2.53.1&#039;, revision: &#039;a36b8b1cd5757287168e54b817830adce9b0158d&#039;, time: &#039;2016-06-30 19:26:09&#039;
System info: host: &#039;USPL5VDR0L2&#039;, ip: &#039;192.168.56.1&#039;, os.name: &#039;Windows 7&#039;, os.arch: &#039;amd64&#039;, os.version: &#039;6.1&#039;, java.version: &#039;1.8.0_162&#039;
Driver info: io.appium.java_client.android.AndroidDriver
Capabilities [{device.majorVersion=7.0.x, dontGoHomeOnQuit=false, device.os=Android, noReset=false, dontStopAppOnReset=false, reservationDuration=240, reportFormat=xml, fullReset=false, platform=ANY, desired={deviceQuery=@serialnumber=&#039;19ec8ce614047ece&#039;or@serialnumber=&#039;ad06160309316a7a49&#039;or@serialnumber=&#039;011ef446b34c250f&#039;or@serialnumber=&#039;9886674e5258475a46&#039;or@serialnumber=&#039;ce061716ba5f3cdd0d7e&#039;or@serialnumber=&#039;LGH85056416a94&#039;or@serialnumber=&#039;98866742375a394e33&#039;, reportDirectory=reports, reportFormat=xml, platformName=Android, testName=wp_TED_SamsungRecuperarSenha}, device.serialNumber=LGH85056416a94, locationServicesAuthorized=false, device.version=7.0, deviceQuery=@serialnumber=&#039;19ec8ce614047ece&#039;or@serialnumber=&#039;ad06160309316a7a49&#039;or@serialnumber=&#039;011ef446b34c250f&#039;or@serialnumber=&#039;9886674e5258475a46&#039;or@serialnumber=&#039;ce061716ba5f3cdd0d7e&#039;or@serialnumber=&#039;LGH85056416a94&#039;or@serialnumber=&#039;98866742375a394e33&#039;, reportDirectory=reports, autoWebview=false, platformName=Android, testName=wp_TED_SamsungRecuperarSenha, device.screenSize=1440x2560, useKeystore=false, cloudViewLink=http://null/agent-233499/#/yHctRVHBppjrA88X?1

Link for view: /#/avFAoS5u3Wgb3C7v?1

Link for view: /#/AF448WPOTBCo5SHf?1

Link for view: /#/GCVV6oY8jaXWJzHP?1

Link for view: /#/qRwfbu94roIhHipX?1

Link for view: /#/UnJLTIivXmwZCKjv?1

Link for view: /#/PLAoNgP9uV9Szz9T?1
Picked up Grid Node (seetest_7871)
Reserved Device : LG G5 (2), device.manufacture=LGE, instrumentApp=false, device.category=PHONE, autoDismissAlerts=false, reportUrl=http://reporter.seetest.io/#/test/1610, keystorePath=~/.android/debug.keystore, waitForDeviceTimeout=120000, device.model=LG-H850, device.name=LG G5 (2), autoGrantPermissions=false, projectName=, gridNodePort=7871, autoAcceptAlerts=false}]
Session ID: CLOUD-SID:2018-04-25_19-07-39-15295416-a6f3-4ee1-8156-c2db86463613">
      <![CDATA[org.openqa.selenium.WebDriverException: Could not forward request http://62.90.196.29:7871/wd/hub/session/CLOUD-SID:2018-04-25_19-07-39-15295416-a6f3-4ee1-8156-c2db86463613/execute for session CLOUD-SID:2018-04-25_19-07-39-15295416-a6f3-4ee1-8156-c2db86463613 (WARNING: The server did not provide any stacktrace information)
Command duration or timeout: 11.91 seconds
Build info: version: '2.53.1', revision: 'a36b8b1cd5757287168e54b817830adce9b0158d', time: '2016-06-30 19:26:09'
System info: host: 'USPL5VDR0L2', ip: '192.168.56.1', os.name: 'Windows 7', os.arch: 'amd64', os.version: '6.1', java.version: '1.8.0_162'
Driver info: io.appium.java_client.android.AndroidDriver
Capabilities [{device.majorVersion=7.0.x, dontGoHomeOnQuit=false, device.os=Android, noReset=false, dontStopAppOnReset=false, reservationDuration=240, reportFormat=xml, fullReset=false, platform=ANY, desired={deviceQuery=@serialnumber='19ec8ce614047ece'or@serialnumber='ad06160309316a7a49'or@serialnumber='011ef446b34c250f'or@serialnumber='9886674e5258475a46'or@serialnumber='ce061716ba5f3cdd0d7e'or@serialnumber='LGH85056416a94'or@serialnumber='98866742375a394e33', reportDirectory=reports, reportFormat=xml, platformName=Android, testName=wp_TED_SamsungRecuperarSenha}, device.serialNumber=LGH85056416a94, locationServicesAuthorized=false, device.version=7.0, deviceQuery=@serialnumber='19ec8ce614047ece'or@serialnumber='ad06160309316a7a49'or@serialnumber='011ef446b34c250f'or@serialnumber='9886674e5258475a46'or@serialnumber='ce061716ba5f3cdd0d7e'or@serialnumber='LGH85056416a94'or@serialnumber='98866742375a394e33', reportDirectory=reports, autoWebview=false, platformName=Android, testName=wp_TED_SamsungRecuperarSenha, device.screenSize=1440x2560, useKeystore=false, cloudViewLink=http://null/agent-233499/#/yHctRVHBppjrA88X?1

Link for view: /#/avFAoS5u3Wgb3C7v?1

Link for view: /#/AF448WPOTBCo5SHf?1

Link for view: /#/GCVV6oY8jaXWJzHP?1

Link for view: /#/qRwfbu94roIhHipX?1

Link for view: /#/UnJLTIivXmwZCKjv?1

Link for view: /#/PLAoNgP9uV9Szz9T?1
Picked up Grid Node (seetest_7871)
Reserved Device : LG G5 (2), device.manufacture=LGE, instrumentApp=false, device.category=PHONE, autoDismissAlerts=false, reportUrl=http://reporter.seetest.io/#/test/1610, keystorePath=~/.android/debug.keystore, waitForDeviceTimeout=120000, device.model=LG-H850, device.name=LG G5 (2), autoGrantPermissions=false, projectName=, gridNodePort=7871, autoAcceptAlerts=false}]
Session ID: CLOUD-SID:2018-04-25_19-07-39-15295416-a6f3-4ee1-8156-c2db86463613
	at sun.reflect.NativeConstructorAccessorImpl.newInstance0(Native Method)
	at sun.reflect.NativeConstructorAccessorImpl.newInstance(Unknown Source)
	at sun.reflect.DelegatingConstructorAccessorImpl.newInstance(Unknown Source)
	at java.lang.reflect.Constructor.newInstance(Unknown Source)
	at org.openqa.selenium.remote.ErrorHandler.createThrowable(ErrorHandler.java:206)
	at org.openqa.selenium.remote.ErrorHandler.throwIfResponseFailed(ErrorHandler.java:158)
	at org.openqa.selenium.remote.RemoteWebDriver.execute(RemoteWebDriver.java:678)
	at io.appium.java_client.DefaultGenericMobileDriver.execute(DefaultGenericMobileDriver.java:40)
	at io.appium.java_client.AppiumDriver.execute(AppiumDriver.java:1)
	at io.appium.java_client.android.AndroidDriver.execute(AndroidDriver.java:1)
	at org.openqa.selenium.remote.RemoteWebDriver.executeScript(RemoteWebDriver.java:577)
	at apptest.WP_RecuperarSenha.testTeste_recuperar_senha_e_logar(WP_RecuperarSenha.java:86)
	at sun.reflect.NativeMethodAccessorImpl.invoke0(Native Method)
	at sun.reflect.NativeMethodAccessorImpl.invoke(Unknown Source)
	at sun.reflect.DelegatingMethodAccessorImpl.invoke(Unknown Source)
	at java.lang.reflect.Method.invoke(Unknown Source)
	at org.testng.internal.MethodInvocationHelper.invokeMethod(MethodInvocationHelper.java:85)
	at org.testng.internal.Invoker.invokeMethod(Invoker.java:639)
	at org.testng.internal.Invoker.invokeTestMethod(Invoker.java:816)
	at org.testng.internal.Invoker.invokeTestMethods(Invoker.java:1124)
	at org.testng.internal.TestMethodWorker.invokeTestMethods(TestMethodWorker.java:125)
	at org.testng.internal.TestMethodWorker.run(TestMethodWorker.java:108)
	at org.testng.TestRunner.privateRun(TestRunner.java:774)
	at org.testng.TestRunner.run(TestRunner.java:624)
	at org.testng.SuiteRunner.runTest(SuiteRunner.java:359)
	at org.testng.SuiteRunner.runSequentially(SuiteRunner.java:354)
	at org.testng.SuiteRunner.privateRun(SuiteRunner.java:312)
	at org.testng.SuiteRunner.run(SuiteRunner.java:261)
	at org.testng.SuiteRunnerWorker.runSuite(SuiteRunnerWorker.java:52)
	at org.testng.SuiteRunnerWorker.run(SuiteRunnerWorker.java:86)
	at org.testng.TestNG.runSuitesSequentially(TestNG.java:1215)
	at org.testng.TestNG.runSuitesLocally(TestNG.java:1140)
	at org.testng.TestNG.run(TestNG.java:1048)
	at org.testng.remote.AbstractRemoteTestNG.run(AbstractRemoteTestNG.java:114)
	at org.testng.remote.RemoteTestNG.initAndRun(RemoteTestNG.java:251)
	at org.testng.remote.RemoteTestNG.main(RemoteTestNG.java:77)
]]>
    </error>
  </testcase> <!-- testTeste_recuperar_senha_e_logar -->
</testsuite> <!-- apptest.WP_RecuperarSenha -->
