<?xml version="1.0" encoding="UTF-8"?>
<!-- Generated by org.testng.reporters.JUnitReportReporter -->
<testsuite hostname="USPL5VDR0L2" name="apptest.WP_ZeDeliverySemDistribuidor" tests="1" failures="0" timestamp="5 Oct 2018 18:28:57 GMT" time="234.188" errors="0">
  <testcase name="test_SemDistribuidor" time="234.188" classname="apptest.WP_ZeDeliverySemDistribuidor"/>
</testsuite> <!-- apptest.WP_ZeDeliverySemDistribuidor -->
