<?xml version="1.0" encoding="UTF-8"?>
<!-- Generated by org.testng.reporters.JUnitReportReporter -->
<testsuite hostname="USPL5VDR0L2" name="apptest.WP_CadastroInvalido" tests="1" failures="0" timestamp="28 Mar 2018 17:08:05 GMT" time="120.616" errors="0">
  <testcase name="testTeste_cadastro_campos_invalidos" time="120.616" classname="apptest.WP_CadastroInvalido"/>
</testsuite> <!-- apptest.WP_CadastroInvalido -->
