<?xml version="1.0" encoding="UTF-8"?>
<!-- Generated by org.testng.reporters.JUnitReportReporter -->
<testsuite hostname="USPL5VDR0L2" name="apptest.WP_ZeDeliverySemDistribuidor" tests="1" failures="0" timestamp="9 Oct 2018 12:31:39 GMT" time="229.502" errors="0">
  <testcase name="testesemdistribuidor" time="229.502" classname="apptest.WP_ZeDeliverySemDistribuidor"/>
</testsuite> <!-- apptest.WP_ZeDeliverySemDistribuidor -->
