<?xml version="1.0" encoding="UTF-8"?>
<!-- Generated by org.testng.reporters.JUnitReportReporter -->
<testsuite hostname="USPL5VDR0L2" name="apptest.WP_TermosDeUso" tests="1" failures="0" timestamp="18 Jun 2018 12:47:16 GMT" time="137.131" errors="0">
  <testcase name="testeinteracaoproduto" time="137.131" classname="apptest.WP_TermosDeUso"/>
</testsuite> <!-- apptest.WP_TermosDeUso -->
