<?xml version="1.0" encoding="UTF-8"?>
<!-- Generated by org.testng.reporters.JUnitReportReporter -->
<testsuite hostname="USPL5VDR0L2" name="apptest.WP_Login" tests="1" failures="0" timestamp="28 Mar 2018 17:03:57 GMT" time="82.552" errors="0">
  <testcase name="testeLogin" time="82.552" classname="apptest.WP_Login"/>
</testsuite> <!-- apptest.WP_Login -->
