<?xml version="1.0" encoding="UTF-8"?>
<!-- Generated by org.testng.reporters.JUnitReportReporter -->
<testsuite hostname="USPL5VDR0L2" name="apptest.WP_Login" tests="1" failures="0" timestamp="10 Oct 2018 12:37:51 GMT" time="83.473" errors="0">
  <testcase name="testeLogin" time="83.473" classname="apptest.WP_Login"/>
</testsuite> <!-- apptest.WP_Login -->
