<?xml version="1.0" encoding="UTF-8"?>
<!-- Generated by org.testng.reporters.JUnitReportReporter -->
<testsuite hostname="USPL5VDR0L2" name="apptest.WP_DesinstalacaoApp" tests="1" failures="0" timestamp="4 Apr 2018 14:56:02 GMT" time="39.468" errors="0">
  <testcase name="desinstalar" time="39.468" classname="apptest.WP_DesinstalacaoApp"/>
</testsuite> <!-- apptest.WP_DesinstalacaoApp -->
