<?xml version="1.0" encoding="UTF-8"?>
<!-- Generated by org.testng.reporters.JUnitReportReporter -->
<testsuite hostname="USPL5VDR0L2" name="apptest.WP_EmporioDaCerveja" tests="1" failures="0" timestamp="15 Aug 2018 18:52:01 GMT" time="248.154" errors="0">
  <testcase name="testeemporiodacerveja" time="248.154" classname="apptest.WP_EmporioDaCerveja"/>
</testsuite> <!-- apptest.WP_EmporioDaCerveja -->
