<?xml version="1.0" encoding="UTF-8"?>
<!-- Generated by org.testng.reporters.JUnitReportReporter -->
<testsuite hostname="USPL5VDR0L2" name="apptest.WP_TermosDeUso" tests="1" failures="0" timestamp="14 Aug 2018 12:22:49 GMT" time="120.666" errors="0">
  <testcase name="testetermosdeuso" time="120.666" classname="apptest.WP_TermosDeUso"/>
</testsuite> <!-- apptest.WP_TermosDeUso -->
