<?xml version="1.0" encoding="UTF-8"?>
<!-- Generated by org.testng.reporters.JUnitReportReporter -->
<testsuite hostname="USPL5VDR0L2" name="apptest.WP_CadastroEmBranco" tests="1" failures="0" timestamp="2 Apr 2018 11:02:52 GMT" time="70.216" errors="0">
  <testcase name="testedecadastrobranco" time="70.216" classname="apptest.WP_CadastroEmBranco"/>
</testsuite> <!-- apptest.WP_CadastroEmBranco -->
