<?xml version="1.0" encoding="UTF-8"?>
<!-- Generated by org.testng.reporters.JUnitReportReporter -->
<testsuite hostname="USPL5VDR0L2" name="apptest.WP_ZeDeliverySemDistribuidor" tests="1" failures="0" timestamp="8 Oct 2018 13:35:56 GMT" time="229.940" errors="0">
  <testcase name="testesemdistribuidor" time="229.940" classname="apptest.WP_ZeDeliverySemDistribuidor"/>
</testsuite> <!-- apptest.WP_ZeDeliverySemDistribuidor -->
