<?xml version="1.0" encoding="UTF-8"?>
<!-- Generated by org.testng.reporters.JUnitReportReporter -->
<testsuite hostname="USPL5VDR0L2" name="apptest.WP_Login" tests="1" failures="0" timestamp="10 Oct 2018 14:50:05 GMT" time="62.835" errors="0">
  <testcase name="testeLogin" time="62.835" classname="apptest.WP_Login"/>
</testsuite> <!-- apptest.WP_Login -->
