<?xml version="1.0" encoding="UTF-8"?>
<!-- Generated by org.testng.reporters.JUnitReportReporter -->
<testsuite hostname="USPL5VDR0L2" name="apptest.WP_Login" tests="1" failures="0" timestamp="1 Aug 2018 19:21:39 GMT" time="78.032" errors="0">
  <testcase name="testeLogin" time="78.032" classname="apptest.WP_Login"/>
</testsuite> <!-- apptest.WP_Login -->
