<?xml version="1.0" encoding="UTF-8"?>
<!-- Generated by org.testng.reporters.JUnitReportReporter -->
<testsuite hostname="USPL5VDR0L2" name="apptest.WP_CadastroInvalidoIOS" tests="1" failures="0" timestamp="26 Mar 2018 14:20:44 GMT" time="186.636" errors="0">
  <testcase name="testecadastroinvalidoIOS" time="186.636" classname="apptest.WP_CadastroInvalidoIOS"/>
</testsuite> <!-- apptest.WP_CadastroInvalidoIOS -->
