<?xml version="1.0" encoding="UTF-8"?>
<!-- Generated by org.testng.reporters.JUnitReportReporter -->
<testsuite hostname="USPL5VDR0L2" name="apptest.WP_Login" tests="1" failures="0" timestamp="12 Apr 2018 16:00:02 GMT" time="100.296" errors="0">
  <testcase name="testeLogin" time="100.296" classname="apptest.WP_Login"/>
</testsuite> <!-- apptest.WP_Login -->
