<?xml version="1.0" encoding="UTF-8"?>
<!-- Generated by org.testng.reporters.JUnitReportReporter -->
<testsuite hostname="USPL5VDR0L2" name="apptest.WP_CadastroInvalido" tests="1" failures="0" timestamp="21 Mar 2018 12:02:09 GMT" time="114.514" errors="0">
  <testcase name="testTeste_cadastro_campos_invalidos" time="114.514" classname="apptest.WP_CadastroInvalido"/>
</testsuite> <!-- apptest.WP_CadastroInvalido -->
