<?xml version="1.0" encoding="UTF-8"?>
<!-- Generated by org.testng.reporters.JUnitReportReporter -->
<testsuite hostname="USPL5VDR0L2" name="apptest.WP_Cadastro" tests="2" failures="0" timestamp="8 Oct 2018 14:21:49 GMT" time="538.359" errors="0">
  <testcase name="cadastroQA" time="263.795" classname="apptest.WP_Cadastro"/>
  <testcase name="cadastro" time="274.564" classname="apptest.WP_Cadastro"/>
</testsuite> <!-- apptest.WP_Cadastro -->
