<?xml version="1.0" encoding="UTF-8"?>
<!-- Generated by org.testng.reporters.JUnitReportReporter -->
<testsuite hostname="USPL5VDR0L2" name="apptest.WP_CompraChecaValor" tests="1" failures="0" timestamp="10 May 2018 14:52:11 GMT" time="132.042" errors="0">
  <testcase name="test_SemDistribuidor" time="132.042" classname="apptest.WP_CompraChecaValor"/>
</testsuite> <!-- apptest.WP_CompraChecaValor -->
