<?xml version="1.0" encoding="UTF-8"?>
<!-- Generated by org.testng.reporters.JUnitReportReporter -->
<testsuite hostname="USPL5VDR0L2" name="apptest.WP_Cadastro" tests="1" failures="0" timestamp="8 Oct 2018 13:20:02 GMT" time="119.355" errors="1">
  <testcase name="cadastro" time="119.355" classname="apptest.WP_Cadastro">
    <error type="org.openqa.selenium.NoSuchElementException" message="no such element (An element could not be located on the page using the given search parameters (XPATH=&#039;//*[@text=&#039;1994&#039;]&#039;))  (WARNING: The server did not provide any stacktrace information)
Command duration or timeout: 2.78 seconds
For documentation on this error, please visit: http://seleniumhq.org/exceptions/no_such_element.html
Build info: version: &#039;2.53.1&#039;, revision: &#039;a36b8b1cd5757287168e54b817830adce9b0158d&#039;, time: &#039;2016-06-30 19:26:09&#039;
System info: host: &#039;USPL5VDR0L2&#039;, ip: &#039;192.168.56.1&#039;, os.name: &#039;Windows 7&#039;, os.arch: &#039;amd64&#039;, os.version: &#039;6.1&#039;, java.version: &#039;1.8.0_162&#039;
Driver info: io.appium.java_client.android.AndroidDriver
Capabilities [{device.majorVersion=7, dontGoHomeOnQuit=false, device.os=Android, noReset=false, dontStopAppOnReset=false, reservationDuration=240, reportFormat=xml, fullReset=false, platform=ANY, deviceUDID=LGUS997569cab50, desired={deviceQuery=@serialnumber=&#039;LGUS997569cab50&#039;, reportDirectory=reports, reportFormat=xml, platformName=Android, testName=wp_TED_CadastroValido}, device.serialNumber=LGUS997569cab50, locationServicesAuthorized=false, device.version=7.0, deviceQuery=@serialnumber=&#039;LGUS997569cab50&#039;, reportDirectory=reports, autoWebview=false, platformName=Android, udid=LGUS997569cab50, testName=wp_TED_CadastroValido, device.screenSize=1440x2880, useKeystore=false, test.type=Mobile, cloudViewLink=https://uscloud.experitest.com/agent-3/#/5maFQrcpOZeWAuyI?1
Picked up Grid Node (seetest_7813)
Reserved Device : LG G6 US-0036, device.manufacture=LGE, instrumentApp=false, appiumVersion=1.8.0, device.category=PHONE, autoDismissAlerts=false, reportUrl=https://uscloud-reporter.experitest.com/#/test/50/project/Whirlpool _POC/, newSessionWaitTimeout=300, keystorePath=~/.android/debug.keystore, waitForDeviceTimeout=120000, device.model=LGUS997, device.name=LG G6 US-0036, autoGrantPermissions=false, projectName=, gridNodePort=7813, autoAcceptAlerts=false}]
Session ID: CLOUD-SID:2018-10-08_06-18-08-5dc0c85b-4186-445d-a348-062b7221f34c
*** Element info: {Using=xpath, value=//*[@text=&#039;1994&#039;]}">
      <![CDATA[org.openqa.selenium.NoSuchElementException: no such element (An element could not be located on the page using the given search parameters (XPATH='//*[@text='1994']'))  (WARNING: The server did not provide any stacktrace information)
Command duration or timeout: 2.78 seconds
For documentation on this error, please visit: http://seleniumhq.org/exceptions/no_such_element.html
Build info: version: '2.53.1', revision: 'a36b8b1cd5757287168e54b817830adce9b0158d', time: '2016-06-30 19:26:09'
System info: host: 'USPL5VDR0L2', ip: '192.168.56.1', os.name: 'Windows 7', os.arch: 'amd64', os.version: '6.1', java.version: '1.8.0_162'
Driver info: io.appium.java_client.android.AndroidDriver
Capabilities [{device.majorVersion=7, dontGoHomeOnQuit=false, device.os=Android, noReset=false, dontStopAppOnReset=false, reservationDuration=240, reportFormat=xml, fullReset=false, platform=ANY, deviceUDID=LGUS997569cab50, desired={deviceQuery=@serialnumber='LGUS997569cab50', reportDirectory=reports, reportFormat=xml, platformName=Android, testName=wp_TED_CadastroValido}, device.serialNumber=LGUS997569cab50, locationServicesAuthorized=false, device.version=7.0, deviceQuery=@serialnumber='LGUS997569cab50', reportDirectory=reports, autoWebview=false, platformName=Android, udid=LGUS997569cab50, testName=wp_TED_CadastroValido, device.screenSize=1440x2880, useKeystore=false, test.type=Mobile, cloudViewLink=https://uscloud.experitest.com/agent-3/#/5maFQrcpOZeWAuyI?1
Picked up Grid Node (seetest_7813)
Reserved Device : LG G6 US-0036, device.manufacture=LGE, instrumentApp=false, appiumVersion=1.8.0, device.category=PHONE, autoDismissAlerts=false, reportUrl=https://uscloud-reporter.experitest.com/#/test/50/project/Whirlpool _POC/, newSessionWaitTimeout=300, keystorePath=~/.android/debug.keystore, waitForDeviceTimeout=120000, device.model=LGUS997, device.name=LG G6 US-0036, autoGrantPermissions=false, projectName=, gridNodePort=7813, autoAcceptAlerts=false}]
Session ID: CLOUD-SID:2018-10-08_06-18-08-5dc0c85b-4186-445d-a348-062b7221f34c
*** Element info: {Using=xpath, value=//*[@text='1994']}
	at sun.reflect.NativeConstructorAccessorImpl.newInstance0(Native Method)
	at sun.reflect.NativeConstructorAccessorImpl.newInstance(Unknown Source)
	at sun.reflect.DelegatingConstructorAccessorImpl.newInstance(Unknown Source)
	at java.lang.reflect.Constructor.newInstance(Unknown Source)
	at org.openqa.selenium.remote.ErrorHandler.createThrowable(ErrorHandler.java:206)
	at org.openqa.selenium.remote.ErrorHandler.throwIfResponseFailed(ErrorHandler.java:158)
	at org.openqa.selenium.remote.RemoteWebDriver.execute(RemoteWebDriver.java:678)
	at io.appium.java_client.DefaultGenericMobileDriver.execute(DefaultGenericMobileDriver.java:40)
	at io.appium.java_client.AppiumDriver.execute(AppiumDriver.java:1)
	at io.appium.java_client.android.AndroidDriver.execute(AndroidDriver.java:1)
	at org.openqa.selenium.remote.RemoteWebDriver.findElement(RemoteWebDriver.java:363)
	at io.appium.java_client.DefaultGenericMobileDriver.findElement(DefaultGenericMobileDriver.java:56)
	at io.appium.java_client.AppiumDriver.findElement(AppiumDriver.java:1)
	at io.appium.java_client.android.AndroidDriver.findElement(AndroidDriver.java:1)
	at org.openqa.selenium.remote.RemoteWebDriver.findElementByXPath(RemoteWebDriver.java:500)
	at io.appium.java_client.DefaultGenericMobileDriver.findElementByXPath(DefaultGenericMobileDriver.java:134)
	at io.appium.java_client.AppiumDriver.findElementByXPath(AppiumDriver.java:1)
	at io.appium.java_client.android.AndroidDriver.findElementByXPath(AndroidDriver.java:1)
	at org.openqa.selenium.By$ByXPath.findElement(By.java:361)
	at org.openqa.selenium.remote.RemoteWebDriver.findElement(RemoteWebDriver.java:355)
	at io.appium.java_client.DefaultGenericMobileDriver.findElement(DefaultGenericMobileDriver.java:52)
	at io.appium.java_client.AppiumDriver.findElement(AppiumDriver.java:1)
	at io.appium.java_client.android.AndroidDriver.findElement(AndroidDriver.java:1)
	at apptest.WP_Cadastro.cadastro(WP_Cadastro.java:84)
	at sun.reflect.NativeMethodAccessorImpl.invoke0(Native Method)
	at sun.reflect.NativeMethodAccessorImpl.invoke(Unknown Source)
	at sun.reflect.DelegatingMethodAccessorImpl.invoke(Unknown Source)
	at java.lang.reflect.Method.invoke(Unknown Source)
	at org.testng.internal.MethodInvocationHelper.invokeMethod(MethodInvocationHelper.java:85)
	at org.testng.internal.Invoker.invokeMethod(Invoker.java:639)
	at org.testng.internal.Invoker.invokeTestMethod(Invoker.java:816)
	at org.testng.internal.Invoker.invokeTestMethods(Invoker.java:1124)
	at org.testng.internal.TestMethodWorker.invokeTestMethods(TestMethodWorker.java:125)
	at org.testng.internal.TestMethodWorker.run(TestMethodWorker.java:108)
	at org.testng.TestRunner.privateRun(TestRunner.java:774)
	at org.testng.TestRunner.run(TestRunner.java:624)
	at org.testng.SuiteRunner.runTest(SuiteRunner.java:359)
	at org.testng.SuiteRunner.runSequentially(SuiteRunner.java:354)
	at org.testng.SuiteRunner.privateRun(SuiteRunner.java:312)
	at org.testng.SuiteRunner.run(SuiteRunner.java:261)
	at org.testng.SuiteRunnerWorker.runSuite(SuiteRunnerWorker.java:52)
	at org.testng.SuiteRunnerWorker.run(SuiteRunnerWorker.java:86)
	at org.testng.TestNG.runSuitesSequentially(TestNG.java:1215)
	at org.testng.TestNG.runSuitesLocally(TestNG.java:1140)
	at org.testng.TestNG.run(TestNG.java:1048)
	at org.testng.remote.AbstractRemoteTestNG.run(AbstractRemoteTestNG.java:114)
	at org.testng.remote.RemoteTestNG.initAndRun(RemoteTestNG.java:251)
	at org.testng.remote.RemoteTestNG.main(RemoteTestNG.java:77)
]]>
    </error>
  </testcase> <!-- cadastro -->
</testsuite> <!-- apptest.WP_Cadastro -->
