<?xml version="1.0" encoding="UTF-8"?>
<!-- Generated by org.testng.reporters.JUnitReportReporter -->
<testsuite hostname="USPL5VDR0L2" name="apptest.WP_Cadastro" tests="1" failures="0" timestamp="2 Apr 2018 11:34:20 GMT" time="189.365" errors="0">
  <testcase name="testing" time="189.365" classname="apptest.WP_Cadastro"/>
</testsuite> <!-- apptest.WP_Cadastro -->
