<?xml version="1.0" encoding="UTF-8"?>
<!-- Generated by org.testng.reporters.JUnitReportReporter -->
<testsuite hostname="USPL5VDR0L2" name="apptest.WP_CadastroEmBranco" tests="1" failures="0" timestamp="21 Mar 2018 12:03:40 GMT" time="81.419" errors="0">
  <testcase name="testedecadastrobranco" time="81.419" classname="apptest.WP_CadastroEmBranco"/>
</testsuite> <!-- apptest.WP_CadastroEmBranco -->
