<?xml version="1.0" encoding="UTF-8"?>
<!-- Generated by org.testng.reporters.JUnitReportReporter -->
<testsuite hostname="USPL5VDR0L2" name="apptest.WP_InstalacaoApp" tests="1" failures="0" timestamp="4 Apr 2018 13:48:06 GMT" time="14.723" errors="0">
  <testcase name="testing" time="14.723" classname="apptest.WP_InstalacaoApp"/>
</testsuite> <!-- apptest.WP_InstalacaoApp -->
