<?xml version="1.0" encoding="UTF-8"?>
<!-- Generated by org.testng.reporters.JUnitReportReporter -->
<testsuite hostname="USPL5VDR0L2" name="apptest.WP_RecuperarSenha" tests="1" failures="0" timestamp="26 Mar 2018 15:35:07 GMT" time="316.906" errors="0">
  <testcase name="testTeste_recuperar_senha_e_logar" time="316.906" classname="apptest.WP_RecuperarSenha"/>
</testsuite> <!-- apptest.WP_RecuperarSenha -->
