<?xml version="1.0" encoding="UTF-8"?>
<!-- Generated by org.testng.reporters.JUnitReportReporter -->
<testsuite hostname="USPL5VDR0L2" name="apptest.WP_Login" tests="1" failures="0" timestamp="25 Apr 2018 13:20:15 GMT" time="102.079" errors="0">
  <testcase name="testeLogin" time="102.079" classname="apptest.WP_Login"/>
</testsuite> <!-- apptest.WP_Login -->
