<?xml version="1.0" encoding="UTF-8"?>
<!-- Generated by org.testng.reporters.JUnitReportReporter -->
<testsuite hostname="USPL5VDR0L2" name="apptest.WP_TermosDeUso" tests="1" failures="0" timestamp="3 Aug 2018 17:43:36 GMT" time="112.812" errors="0">
  <testcase name="testeinteracaoproduto" time="112.812" classname="apptest.WP_TermosDeUso"/>
</testsuite> <!-- apptest.WP_TermosDeUso -->
