<?xml version="1.0" encoding="UTF-8"?>
<!-- Generated by org.testng.reporters.JUnitReportReporter -->
<testsuite hostname="USPL5VDR0L2" name="apptest.WP_InteracaoProduto" tests="1" failures="0" timestamp="17 Apr 2018 17:55:46 GMT" time="178.988" errors="0">
  <testcase name="testeinteracaoproduto" time="178.988" classname="apptest.WP_InteracaoProduto"/>
</testsuite> <!-- apptest.WP_InteracaoProduto -->
