<?xml version="1.0" encoding="UTF-8"?>
<!-- Generated by org.testng.reporters.JUnitReportReporter -->
<testsuite hostname="USPL5VDR0L2" name="apptest.WP_Cadastro" tests="2" failures="0" timestamp="1 Oct 2018 17:31:00 GMT" time="524.477" errors="0">
  <testcase name="cadastroQA" time="251.625" classname="apptest.WP_Cadastro"/>
  <testcase name="cadastro" time="272.852" classname="apptest.WP_Cadastro"/>
</testsuite> <!-- apptest.WP_Cadastro -->
