<?xml version="1.0" encoding="UTF-8"?>
<!-- Generated by org.testng.reporters.JUnitReportReporter -->
<testsuite hostname="USPL5VDR0L2" name="apptest.WP_ZeDeliverySemDistribuidor" tests="1" failures="0" timestamp="7 May 2018 16:39:07 GMT" time="223.890" errors="0">
  <testcase name="test_SemDistribuidor" time="223.890" classname="apptest.WP_ZeDeliverySemDistribuidor"/>
</testsuite> <!-- apptest.WP_ZeDeliverySemDistribuidor -->
