<?xml version="1.0" encoding="UTF-8"?>
<!-- Generated by org.testng.reporters.JUnitReportReporter -->
<testsuite hostname="USPL5VDR0L2" name="apptest.WP_TermosDeUso" tests="1" failures="0" timestamp="6 Aug 2018 16:42:36 GMT" time="131.140" errors="0">
  <testcase name="testetermosdeuso" time="131.140" classname="apptest.WP_TermosDeUso"/>
</testsuite> <!-- apptest.WP_TermosDeUso -->
