<?xml version="1.0" encoding="UTF-8"?>
<!-- Generated by org.testng.reporters.JUnitReportReporter -->
<testsuite hostname="USPL5VDR0L2" name="apptest.WP_Login" tests="1" failures="0" timestamp="10 May 2018 16:37:41 GMT" time="102.510" errors="0">
  <testcase name="testeLogin" time="102.510" classname="apptest.WP_Login"/>
</testsuite> <!-- apptest.WP_Login -->
