<?xml version="1.0" encoding="UTF-8"?>
<!-- Generated by org.testng.reporters.JUnitReportReporter -->
<testsuite hostname="USPL5VDR0L2" name="apptest.WP_Configuracoes" tests="1" failures="0" timestamp="14 Aug 2018 11:58:24 GMT" time="124.045" errors="0">
  <testcase name="testedeconfiguracoesbasicas" time="124.045" classname="apptest.WP_Configuracoes"/>
</testsuite> <!-- apptest.WP_Configuracoes -->
